<?xml version="1.0" encoding="UTF-8" ?>
<testsuite tests="5" failures="0" name="tddmicroexercises.tirepressuremonitoringsystem.AlarmTest" time="0.005" errors="0" skipped="0">
  <properties>
[...]
</properties>
  <testcase classname="tddmicroexercises.tirepressuremonitoringsystem.AlarmTest" name="should_sense_pressure_sensor_once_on_check" time="0.005"/>
  <testcase classname="tddmicroexercises.tirepressuremonitoringsystem.AlarmTest" name="should_turn_alarm_on_when_pressure_low" time="0"/>
  <testcase classname="tddmicroexercises.tirepressuremonitoringsystem.AlarmTest" name="should_turn_alarm_on_when_pressure_high" time="0"/>
  <testcase classname="tddmicroexercises.tirepressuremonitoringsystem.AlarmTest" name="should_not_turn_alarm_on_when_pressure_normal" time="0"/>
  <testcase classname="tddmicroexercises.tirepressuremonitoringsystem.AlarmTest" name="should_not_turn_alarm_off_once_alarm_on" time="0"/>
</testsuite>